#
# There is insufficient memory for the Java Runtime Environment to continue.
# Native memory allocation (malloc) failed to allocate 199936 bytes for Chunk::new
# Possible reasons:
#   The system is out of physical RAM or swap space
#   The process is running with CompressedOops enabled, and the Java Heap may be blocking the growth of the native heap
# Possible solutions:
#   Reduce memory load on the system
#   Increase physical memory or swap space
#   Check if swap backing store is full
#   Decrease Java heap size (-Xmx/-Xms)
#   Decrease number of Java threads
#   Decrease Java thread stack sizes (-Xss)
#   Set larger code cache with -XX:ReservedCodeCacheSize=
#   JVM is running with Unscaled Compressed Oops mode in which the Java heap is
#     placed in the first 4GB address space. The Java Heap base address is the
#     maximum limit for the native heap growth. Please use -XX:HeapBaseMinAddress
#     to set the Java Heap base and to place the Java Heap above 4GB virtual address.
# This output file may be truncated or incomplete.
#
#  Out of Memory Error (allocation.cpp:389), pid=47396, tid=0x0000000000008c4c
#
# JRE version: Java(TM) SE Runtime Environment (8.0_202-b08) (build 1.8.0_202-b08)
# Java VM: Java HotSpot(TM) 64-Bit Server VM (25.202-b08 mixed mode windows-amd64 compressed oops)
# Failed to write core dump. Minidumps are not enabled by default on client versions of Windows
#

---------------  T H R E A D  ---------------

Current thread (0x0000000016bc1000):  JavaThread "C2 CompilerThread1" daemon [_thread_in_native, id=35916, stack(0x00000000172b0000,0x00000000173b0000)]

Stack: [0x00000000172b0000,0x00000000173b0000]
[error occurred during error reporting (printing stack bounds), id 0xc0000005]

Native frames: (J=compiled Java code, j=interpreted, Vv=VM code, C=native code)


Current CompileTask:
C2:   2194 1282  s!   4       sun.misc.URLClassPath::getLoader (243 bytes)


---------------  P R O C E S S  ---------------

Java Threads: ( => current thread )
  0x0000000017dad800 JavaThread "oracle.jdbc.driver.BlockSource.ThreadedCachingBlockSource.BlockReleaser" daemon [_thread_new, id=41040, stack(0x0000000000000000,0x0000000000000000)]
  0x0000000018068800 JavaThread "Timer-0" daemon [_thread_blocked, id=48028, stack(0x0000000019780000,0x0000000019880000)]
  0x000000001773a000 JavaThread "ReaderThread" [_thread_in_native, id=47064, stack(0x0000000017eb0000,0x0000000017fb0000)]
  0x0000000016c32000 JavaThread "Service Thread" daemon [_thread_blocked, id=44576, stack(0x00000000174b0000,0x00000000175b0000)]
  0x000000001581b800 JavaThread "C1 CompilerThread2" daemon [_thread_blocked, id=19904, stack(0x00000000173b0000,0x00000000174b0000)]
=>0x0000000016bc1000 JavaThread "C2 CompilerThread1" daemon [_thread_in_native, id=35916, stack(0x00000000172b0000,0x00000000173b0000)]
  0x0000000015813000 JavaThread "C2 CompilerThread0" daemon [_thread_in_native, id=3456, stack(0x00000000171b0000,0x00000000172b0000)]
  0x0000000015812000 JavaThread "Attach Listener" daemon [_thread_blocked, id=47020, stack(0x00000000170b0000,0x00000000171b0000)]
  0x0000000016bb8800 JavaThread "Signal Dispatcher" daemon [_thread_blocked, id=45180, stack(0x0000000016fb0000,0x00000000170b0000)]
  0x000000000369c000 JavaThread "Finalizer" daemon [_thread_blocked, id=45348, stack(0x0000000016a10000,0x0000000016b10000)]
  0x0000000003691000 JavaThread "Reference Handler" daemon [_thread_blocked, id=47556, stack(0x0000000016910000,0x0000000016a10000)]
  0x00000000035a2800 JavaThread "main" [_thread_in_Java, id=48004, stack(0x0000000003410000,0x0000000003510000)]

Other Threads:
  0x0000000015788000 VMThread [stack: 0x0000000016810000,0x0000000016910000] [id=47004]
  0x0000000016c33000 WatcherThread [stack: 0x00000000175b0000,0x00000000176b0000] [id=44668]

VM state:not at safepoint (normal execution)

VM Mutex/Monitor currently owned by a thread: None

heap address: 0x00000000c9e00000, size: 866 MB, Compressed Oops mode: 32-bit
Narrow klass base: 0x0000000000000000, Narrow klass shift: 3
Compressed class space size: 1073741824 Address: 0x0000000100000000

Heap:
 PSYoungGen      total 16896K, used 9494K [0x00000000edf80000, 0x00000000ef200000, 0x0000000100000000)
  eden space 14848K, 50% used [0x00000000edf80000,0x00000000ee6c7498,0x00000000eee00000)
  from space 2048K, 99% used [0x00000000ef000000,0x00000000ef1fe620,0x00000000ef200000)
  to   space 2048K, 0% used [0x00000000eee00000,0x00000000eee00000,0x00000000ef000000)
 ParOldGen       total 38400K, used 3655K [0x00000000c9e00000, 0x00000000cc380000, 0x00000000edf80000)
  object space 38400K, 9% used [0x00000000c9e00000,0x00000000ca191f48,0x00000000cc380000)
 Metaspace       used 13534K, capacity 14276K, committed 14464K, reserved 1064960K
  class space    used 1695K, capacity 1858K, committed 1920K, reserved 1048576K

Card table byte_map: [0x0000000012a60000,0x0000000012c20000] byte_map_base: 0x0000000012411000

Marking Bits: (ParMarkBitMap*) 0x00000000641d5ce0
 Begin Bits: [0x0000000013150000, 0x0000000013ed8000)
 End Bits:   [0x0000000013ed8000, 0x0000000014c60000)

Polling page: 0x00000000017b0000

CodeCache: size=245760Kb used=4615Kb max_used=4617Kb free=241144Kb
 bounds [0x00000000036a0000, 0x0000000003b30000, 0x00000000126a0000]
 total_blobs=1658 nmethods=1279 adapters=291
 compilation: enabled

Compilation events (10 events):
Event: 2.180 Thread 0x000000001581b800 nmethod 1277 0x0000000003b1c090 code [0x0000000003b1c200, 0x0000000003b1c408]
Event: 2.180 Thread 0x000000001581b800 1278  s!   3       java.util.jar.JarFile::ensureInitialization (41 bytes)
Event: 2.180 Thread 0x000000001581b800 nmethod 1278 0x0000000003b1b910 code [0x0000000003b1baa0, 0x0000000003b1bf28]
Event: 2.180 Thread 0x000000001581b800 1279       3       sun.misc.URLClassPath$JarLoader$2::getInputStream (15 bytes)
Event: 2.180 Thread 0x000000001581b800 nmethod 1279 0x0000000003b1b3d0 code [0x0000000003b1b540, 0x0000000003b1b768]
Event: 2.183 Thread 0x000000001581b800 1280       3       java.util.regex.Pattern$5::isSatisfiedBy (28 bytes)
Event: 2.183 Thread 0x000000001581b800 nmethod 1280 0x0000000003b22ad0 code [0x0000000003b22c60, 0x0000000003b22ff8]
Event: 2.183 Thread 0x000000001581b800 1281       3       java.util.regex.Pattern$GroupTail::match (111 bytes)
Event: 2.184 Thread 0x000000001581b800 nmethod 1281 0x0000000003b22290 code [0x0000000003b22420, 0x0000000003b227e8]
Event: 2.184 Thread 0x0000000016bc1000 1282  s!   4       sun.misc.URLClassPath::getLoader (243 bytes)

GC Heap History (4 events):
Event: 1.212 GC heap before
{Heap before GC invocations=1 (full 0):
 PSYoungGen      total 16896K, used 14848K [0x00000000edf80000, 0x00000000ef200000, 0x0000000100000000)
  eden space 14848K, 100% used [0x00000000edf80000,0x00000000eee00000,0x00000000eee00000)
  from space 2048K, 0% used [0x00000000ef000000,0x00000000ef000000,0x00000000ef200000)
  to   space 2048K, 0% used [0x00000000eee00000,0x00000000eee00000,0x00000000ef000000)
 ParOldGen       total 38400K, used 0K [0x00000000c9e00000, 0x00000000cc380000, 0x00000000edf80000)
  object space 38400K, 0% used [0x00000000c9e00000,0x00000000c9e00000,0x00000000cc380000)
 Metaspace       used 7196K, capacity 7462K, committed 7680K, reserved 1056768K
  class space    used 839K, capacity 933K, committed 1024K, reserved 1048576K
Event: 1.217 GC heap after
Heap after GC invocations=1 (full 0):
 PSYoungGen      total 16896K, used 2041K [0x00000000edf80000, 0x00000000ef200000, 0x0000000100000000)
  eden space 14848K, 0% used [0x00000000edf80000,0x00000000edf80000,0x00000000eee00000)
  from space 2048K, 99% used [0x00000000eee00000,0x00000000eeffe620,0x00000000ef000000)
  to   space 2048K, 0% used [0x00000000ef000000,0x00000000ef000000,0x00000000ef200000)
 ParOldGen       total 38400K, used 1185K [0x00000000c9e00000, 0x00000000cc380000, 0x00000000edf80000)
  object space 38400K, 3% used [0x00000000c9e00000,0x00000000c9f286b8,0x00000000cc380000)
 Metaspace       used 7196K, capacity 7462K, committed 7680K, reserved 1056768K
  class space    used 839K, capacity 933K, committed 1024K, reserved 1048576K
}
Event: 1.844 GC heap before
{Heap before GC invocations=2 (full 0):
 PSYoungGen      total 16896K, used 16889K [0x00000000edf80000, 0x00000000ef200000, 0x0000000100000000)
  eden space 14848K, 100% used [0x00000000edf80000,0x00000000eee00000,0x00000000eee00000)
  from space 2048K, 99% used [0x00000000eee00000,0x00000000eeffe620,0x00000000ef000000)
  to   space 2048K, 0% used [0x00000000ef000000,0x00000000ef000000,0x00000000ef200000)
 ParOldGen       total 38400K, used 1185K [0x00000000c9e00000, 0x00000000cc380000, 0x00000000edf80000)
  object space 38400K, 3% used [0x00000000c9e00000,0x00000000c9f286b8,0x00000000cc380000)
 Metaspace       used 11020K, capacity 11746K, committed 11904K, reserved 1058816K
  class space    used 1400K, capacity 1569K, committed 1664K, reserved 1048576K
Event: 1.856 GC heap after
Heap after GC invocations=2 (full 0):
 PSYoungGen      total 16896K, used 2041K [0x00000000edf80000, 0x00000000ef200000, 0x0000000100000000)
  eden space 14848K, 0% used [0x00000000edf80000,0x00000000edf80000,0x00000000eee00000)
  from space 2048K, 99% used [0x00000000ef000000,0x00000000ef1fe620,0x00000000ef200000)
  to   space 2048K, 0% used [0x00000000eee00000,0x00000000eee00000,0x00000000ef000000)
 ParOldGen       total 38400K, used 3655K [0x00000000c9e00000, 0x00000000cc380000, 0x00000000edf80000)
  object space 38400K, 9% used [0x00000000c9e00000,0x00000000ca191f48,0x00000000cc380000)
 Metaspace       used 11020K, capacity 11746K, committed 11904K, reserved 1058816K
  class space    used 1400K, capacity 1569K, committed 1664K, reserved 1048576K
}

Deoptimization events (10 events):
Event: 0.725 Thread 0x00000000035a2800 Uncommon trap: reason=unstable_if action=reinterpret pc=0x000000000383abd4 method=java.math.BigInteger.addOne([IIII)I @ 55
Event: 1.278 Thread 0x00000000035a2800 Uncommon trap: reason=unstable_if action=reinterpret pc=0x000000000391c3b8 method=java.util.HashMap.getNode(ILjava/lang/Object;)Ljava/util/HashMap$Node; @ 62
Event: 1.278 Thread 0x00000000035a2800 Uncommon trap: reason=unstable_if action=reinterpret pc=0x000000000391eb28 method=java.util.HashMap.putVal(ILjava/lang/Object;Ljava/lang/Object;ZZ)Ljava/lang/Object; @ 94
Event: 1.278 Thread 0x00000000035a2800 Uncommon trap: reason=unstable_if action=reinterpret pc=0x000000000390fb4c method=java.util.HashMap.putVal(ILjava/lang/Object;Ljava/lang/Object;ZZ)Ljava/lang/Object; @ 94
Event: 1.283 Thread 0x00000000035a2800 Uncommon trap: reason=unstable_if action=reinterpret pc=0x00000000039062f8 method=java.lang.ref.SoftReference.get()Ljava/lang/Object; @ 17
Event: 1.291 Thread 0x00000000035a2800 Uncommon trap: reason=unstable_if action=reinterpret pc=0x000000000396b448 method=java.util.HashMap.getNode(ILjava/lang/Object;)Ljava/util/HashMap$Node; @ 129
Event: 1.477 Thread 0x00000000035a2800 Uncommon trap: reason=unstable_if action=reinterpret pc=0x0000000003a13700 method=jdk.internal.org.objectweb.asm.Type.getArgumentsAndReturnSizes(Ljava/lang/String;)I @ 47
Event: 1.630 Thread 0x00000000035a2800 Uncommon trap: reason=unstable_if action=reinterpret pc=0x00000000039690f4 method=java.lang.AbstractStringBuilder.append(Ljava/lang/String;)Ljava/lang/AbstractStringBuilder; @ 1
Event: 1.970 Thread 0x00000000035a2800 Uncommon trap: reason=unstable_if action=reinterpret pc=0x0000000003af5664 method=java.io.BufferedReader.read()I @ 19
Event: 1.989 Thread 0x00000000035a2800 Uncommon trap: reason=unstable_if action=reinterpret pc=0x0000000003b03d20 method=java.util.Properties.loadConvert([CII[C)Ljava/lang/String; @ 57

Classes redefined (0 events):
No events

Internal exceptions (10 events):
Event: 1.748 Thread 0x00000000035a2800 Exception <a 'java/lang/ArrayIndexOutOfBoundsException'> (0x00000000eed74248) thrown at [C:\re\workspace\8-2-build-windows-amd64-cygwin\jdk8u202\12323\hotspot\src\share\vm\runtime\sharedRuntime.cpp, line 605]
Event: 1.750 Thread 0x00000000035a2800 Exception <a 'java/lang/ArrayIndexOutOfBoundsException'> (0x00000000eed751a8) thrown at [C:\re\workspace\8-2-build-windows-amd64-cygwin\jdk8u202\12323\hotspot\src\share\vm\runtime\sharedRuntime.cpp, line 605]
Event: 1.751 Thread 0x00000000035a2800 Exception <a 'java/lang/ArrayIndexOutOfBoundsException'> (0x00000000eed76530) thrown at [C:\re\workspace\8-2-build-windows-amd64-cygwin\jdk8u202\12323\hotspot\src\share\vm\runtime\sharedRuntime.cpp, line 605]
Event: 1.753 Thread 0x00000000035a2800 Exception <a 'java/lang/ArrayIndexOutOfBoundsException'> (0x00000000eed78118) thrown at [C:\re\workspace\8-2-build-windows-amd64-cygwin\jdk8u202\12323\hotspot\src\share\vm\runtime\sharedRuntime.cpp, line 605]
Event: 1.768 Thread 0x00000000035a2800 Exception <a 'java/lang/ArrayIndexOutOfBoundsException'> (0x00000000eed9e4d8) thrown at [C:\re\workspace\8-2-build-windows-amd64-cygwin\jdk8u202\12323\hotspot\src\share\vm\runtime\sharedRuntime.cpp, line 605]
Event: 1.768 Thread 0x00000000035a2800 Exception <a 'java/lang/ArrayIndexOutOfBoundsException'> (0x00000000eed9f928) thrown at [C:\re\workspace\8-2-build-windows-amd64-cygwin\jdk8u202\12323\hotspot\src\share\vm\runtime\sharedRuntime.cpp, line 605]
Event: 1.770 Thread 0x00000000035a2800 Exception <a 'java/lang/ArrayIndexOutOfBoundsException'> (0x00000000eeda13f8) thrown at [C:\re\workspace\8-2-build-windows-amd64-cygwin\jdk8u202\12323\hotspot\src\share\vm\runtime\sharedRuntime.cpp, line 605]
Event: 1.794 Thread 0x00000000035a2800 Exception <a 'java/lang/ArrayIndexOutOfBoundsException'> (0x00000000eedc75a0) thrown at [C:\re\workspace\8-2-build-windows-amd64-cygwin\jdk8u202\12323\hotspot\src\share\vm\runtime\sharedRuntime.cpp, line 605]
Event: 1.821 Thread 0x00000000035a2800 Exception <a 'java/lang/ArrayIndexOutOfBoundsException'> (0x00000000eedd6b48) thrown at [C:\re\workspace\8-2-build-windows-amd64-cygwin\jdk8u202\12323\hotspot\src\share\vm\runtime\sharedRuntime.cpp, line 605]
Event: 2.009 Thread 0x00000000035a2800 Exception <a 'java/lang/NoClassDefFoundError': oracle/security/pki/OraclePKIProvider> (0x00000000ee16ff70) thrown at [C:\re\workspace\8-2-build-windows-amd64-cygwin\jdk8u202\12323\hotspot\src\share\vm\classfile\systemDictionary.cpp, line 199]

Events (10 events):
Event: 2.181 loading class java/util/Random
Event: 2.182 loading class java/util/Random done
Event: 2.184 loading class oracle/jdbc/driver/BlockSource$Implementation
Event: 2.184 loading class oracle/jdbc/driver/BlockSource$Implementation done
Event: 2.188 loading class oracle/jdbc/driver/BlockSource
Event: 2.188 loading class oracle/jdbc/driver/BlockSource done
Event: 2.189 loading class oracle/jdbc/driver/BlockSource$1
Event: 2.189 loading class oracle/jdbc/driver/BlockSource$1 done
Event: 2.190 loading class oracle/jdbc/driver/BlockSource$ThreadedCachingBlockSource
Event: 2.190 loading class oracle/jdbc/driver/BlockSource$ThreadedCachingBlockSource done


Dynamic libraries:
0x00007ff672f80000 - 0x00007ff672fb7000 	C:\Program Files\Java\jre1.8.0_202\bin\javaw.exe
0x00007ff8a6200000 - 0x00007ff8a6409000 	C:\Windows\SYSTEM32\ntdll.dll
0x00007ff8a5890000 - 0x00007ff8a594e000 	C:\Windows\System32\KERNEL32.DLL
0x00007ff8a3860000 - 0x00007ff8a3bdb000 	C:\Windows\System32\KERNELBASE.dll
0x00007ff8a5dd0000 - 0x00007ff8a5e7e000 	C:\Windows\System32\ADVAPI32.dll
0x00007ff8a5630000 - 0x00007ff8a56d3000 	C:\Windows\System32\msvcrt.dll
0x00007ff8a5950000 - 0x00007ff8a59ee000 	C:\Windows\System32\sechost.dll
0x00007ff8a54f0000 - 0x00007ff8a5610000 	C:\Windows\System32\RPCRT4.dll
0x00007ff8a6010000 - 0x00007ff8a61bd000 	C:\Windows\System32\USER32.dll
0x00007ff8a3790000 - 0x00007ff8a37b6000 	C:\Windows\System32\win32u.dll
0x00007ff8a5a00000 - 0x00007ff8a5a29000 	C:\Windows\System32\GDI32.dll
0x00007ff8a3df0000 - 0x00007ff8a3f08000 	C:\Windows\System32\gdi32full.dll
0x00007ff8a37c0000 - 0x00007ff8a385d000 	C:\Windows\System32\msvcp_win.dll
0x00007ff8a3c60000 - 0x00007ff8a3d71000 	C:\Windows\System32\ucrtbase.dll
0x00007ff88eb20000 - 0x00007ff88edc5000 	C:\Windows\WinSxS\amd64_microsoft.windows.common-controls_6595b64144ccf1df_6.0.22000.120_none_9d947278b86cc467\COMCTL32.dll
0x00007ff8a5f70000 - 0x00007ff8a5fa2000 	C:\Windows\System32\IMM32.DLL
0x0000000062e30000 - 0x0000000062f02000 	C:\Program Files\Java\jre1.8.0_202\bin\msvcr100.dll
0x00000000639b0000 - 0x0000000064255000 	C:\Program Files\Java\jre1.8.0_202\bin\server\jvm.dll
0x00007ff8a4b90000 - 0x00007ff8a4b98000 	C:\Windows\System32\PSAPI.DLL
0x00007ff88b590000 - 0x00007ff88b599000 	C:\Windows\SYSTEM32\WSOCK32.dll
0x00007ff8a4580000 - 0x00007ff8a45ef000 	C:\Windows\System32\WS2_32.dll
0x00007ff89b6b0000 - 0x00007ff89b6ba000 	C:\Windows\SYSTEM32\VERSION.dll
0x00007ff89e280000 - 0x00007ff89e2b3000 	C:\Windows\SYSTEM32\WINMM.dll
0x00007ff8a0bb0000 - 0x00007ff8a0bbf000 	C:\Program Files\Java\jre1.8.0_202\bin\verify.dll
0x00007ff8959b0000 - 0x00007ff8959d9000 	C:\Program Files\Java\jre1.8.0_202\bin\java.dll
0x00007ff89e6c0000 - 0x00007ff89e6d6000 	C:\Program Files\Java\jre1.8.0_202\bin\zip.dll
0x00007ff8a4c10000 - 0x00007ff8a53c7000 	C:\Windows\System32\SHELL32.dll
0x00007ff8a17c0000 - 0x00007ff8a2025000 	C:\Windows\SYSTEM32\windows.storage.dll
0x00007ff8a5a50000 - 0x00007ff8a5dc8000 	C:\Windows\System32\combase.dll
0x00007ff8a1650000 - 0x00007ff8a17b6000 	C:\Windows\SYSTEM32\wintypes.dll
0x00007ff8a4aa0000 - 0x00007ff8a4b8a000 	C:\Windows\System32\SHCORE.dll
0x00007ff8a5fb0000 - 0x00007ff8a600d000 	C:\Windows\System32\shlwapi.dll
0x00007ff8a3600000 - 0x00007ff8a3621000 	C:\Windows\SYSTEM32\profapi.dll
0x00007ff896ed0000 - 0x00007ff896eea000 	C:\Program Files\Java\jre1.8.0_202\bin\net.dll
0x00007ff89db00000 - 0x00007ff89dcf0000 	C:\Windows\SYSTEM32\urlmon.dll
0x00007ff89d840000 - 0x00007ff89daf3000 	C:\Windows\SYSTEM32\iertutil.dll
0x00007ff89d810000 - 0x00007ff89d838000 	C:\Windows\SYSTEM32\srvcli.dll
0x00007ff8a2270000 - 0x00007ff8a227c000 	C:\Windows\SYSTEM32\netutils.dll
0x00007ff8a2bf0000 - 0x00007ff8a2c57000 	C:\Windows\system32\mswsock.dll
0x00007ff89e940000 - 0x00007ff89e94d000 	C:\Program Files\Java\jre1.8.0_202\bin\management.dll
0x00007ff896db0000 - 0x00007ff896dc2000 	C:\Program Files\Java\jre1.8.0_202\bin\nio.dll

VM Arguments:
jvm_args: -ea -Dfile.encoding=utf-8 
java_command: org.eclipse.jdt.internal.junit.runner.RemoteTestRunner -version 3 -port 61201 -testLoaderClass org.eclipse.jdt.internal.junit5.runner.JUnit5TestLoader -loaderpluginname org.eclipse.jdt.junit5.runtime -classNames com.tourist.dao.TestTouristDAOImpl
java_class_path (initial): C:\Users\82103\Documents\workspace-sts-3.9.12.RELEASE\tripapp\bin;C:\Users\82103\Desktop\오라클 디비\sts-bundle\sts-3.9.12.RELEASE\plugins\org.junit.jupiter.api_5.6.0.v20200203-2009.jar;C:\Users\82103\Desktop\오라클 디비\sts-bundle\sts-3.9.12.RELEASE\plugins\org.junit.jupiter.engine_5.6.0.v20200203-2009.jar;C:\Users\82103\Desktop\오라클 디비\sts-bundle\sts-3.9.12.RELEASE\plugins\org.junit.jupiter.migrationsupport_5.6.0.v20200203-2009.jar;C:\Users\82103\Desktop\오라클 디비\sts-bundle\sts-3.9.12.RELEASE\plugins\org.junit.jupiter.params_5.6.0.v20200203-2009.jar;C:\Users\82103\Desktop\오라클 디비\sts-bundle\sts-3.9.12.RELEASE\plugins\org.junit.platform.commons_1.6.0.v20200203-2009.jar;C:\Users\82103\Desktop\오라클 디비\sts-bundle\sts-3.9.12.RELEASE\plugins\org.junit.platform.engine_1.6.0.v20200203-2009.jar;C:\Users\82103\Desktop\오라클 디비\sts-bundle\sts-3.9.12.RELEASE\plugins\org.junit.platform.launcher_1.6.0.v20200203-2009.jar;C:\Users\82103\Desktop\오라클 디비\sts-bundle\sts-3.9.12.RELEASE\plugins\org.junit.platform.runner_1.6.0.v20200203-2009.jar;C:\Users\82103\Desktop\오라클 디비\sts-bundle\sts-3.9.12.RELEASE\plugins\org.junit.platform.suite.api_1.6.0.v20200203-2009.jar;C:\Users\82103\Desktop\오라클 디비\sts-bundle\sts-3.9.12.RELEASE\plugins\org.junit.vintage.engine_5.6.0.v20200203-2009.jar;C:\Users\82103\Desktop\오라클 디비\sts-bundle\sts-3.9.12.RELEASE\plugins\org.opentest4j_1.2.0.v20190826-0900.jar;C:\Users\82103\Desktop\오라클 디비\sts-bundle\sts-3.9.12.RELEASE\plugins\org.apiguardian_1.1.0.v20190826-0900.jar;C:\Users\82103\Desktop\오라클 디비\sts-bundle\sts-3.9.12.RELEASE\plugins\org.junit_4.13.0.v20200204-1500.jar;C:\Users\82103\Desktop\오라클 디비\sts-bundle\sts-3.9.12.RELEASE\plugins\org.hamcrest.core_1.3.0.v20180420-1519.jar;C:\Users\82103\Desktop\오라클 디비\sqldeveloper-19.2.1.247.2212-x64\sqldeveloper\jdbc\lib\ojdbc8.jar;C:\Users\82103\Desktop\오라클 디비\sts-bundle\sts-3.9.12.RELEASE\configuration\org.eclipse.osgi\308\0\.c
Launcher Type: SUN_STANDARD

Environment Variables:
JAVA_HOME=C:\Program Files\Java\jdk1.8.0_202\bin
PATH=C:/Program Files/Java/jre1.8.0_202/bin/server;C:/Program Files/Java/jre1.8.0_202/bin;C:/Program Files/Java/jre1.8.0_202/lib/amd64;C:\Program Files\Java\jdk1.8.0_202\bin\bin;C:\oraclexe\app\oracle\product\11.2.0\server\bin;C:\Program Files\Common Files\Oracle\Java\javapath;C:\Windows\system32;C:\Windows;C:\Windows\System32\Wbem;C:\Windows\System32\WindowsPowerShell\v1.0\;C:\Windows\System32\OpenSSH\;C:\Program Files\Bandizip\;C:\Users\82103\AppData\Local\Programs\Python\Python310\Scripts\;C:\Users\82103\AppData\Local\Programs\Python\Python310\;C:\Users\82103\AppData\Local\Microsoft\WindowsApps;;C:\Users\82103\AppData\Local\Programs\Microsoft VS Code\bin;C:\Users\82103\Desktop\오라클 디비\sts-bundle\sts-3.9.12.RELEASE;
USERNAME=82103
OS=Windows_NT
PROCESSOR_IDENTIFIER=AMD64 Family 23 Model 24 Stepping 1, AuthenticAMD



---------------  S Y S T E M  ---------------

OS: Windows 10.0 , 64 bit Build 22000 (10.0.22000.1335)

CPU:total 4 (initial active 4) (4 cores per cpu, 1 threads per core) family 23 model 24 stepping 1, cmov, cx8, fxsr, mmx, sse, sse2, sse3, ssse3, sse4.1, sse4.2, popcnt, avx, avx2, aes, clmul, mmxext, 3dnowpref, lzcnt, sse4a, tsc, tscinvbit, tscinv, bmi1

Memory: 4k page, physical 3543304k(316056k free), swap 14553352k(0k free)

vm_info: Java HotSpot(TM) 64-Bit Server VM (25.202-b08) for windows-amd64 JRE (1.8.0_202-b08), built on Dec 15 2018 19:54:30 by "java_re" with MS VC++ 10.0 (VS2010)

time: Sun Jan 08 23:42:37 2023
timezone: 대한민국 표준시
elapsed time: 2 seconds (0d 0h 0m 2s)

